2020-11-17 09:25:54,601 INFO o.s.b.StartupInfoLogger [main] Starting Application on RSM1876 with PID 20432 (C:\Users\iblagoj\Documents\Mpaas\Project\java-test-tool\target\classes started by iblagoj in C:\Users\iblagoj\Documents\Mpaas\Project\java-test-tool)
2020-11-17 09:25:54,640 INFO o.s.b.SpringApplication [main] No active profile set, falling back to default profiles: default
2020-11-17 09:25:55,665 INFO o.s.b.w.e.t.TomcatWebServer [main] Tomcat initialized with port(s): 8080 (http)
2020-11-17 09:25:55,680 INFO o.a.j.l.DirectJDKLog [main] Initializing ProtocolHandler ["http-nio-8080"]
2020-11-17 09:25:55,681 INFO o.a.j.l.DirectJDKLog [main] Starting service [Tomcat]
2020-11-17 09:25:55,681 INFO o.a.j.l.DirectJDKLog [main] Starting Servlet engine: [Apache Tomcat/9.0.38]
2020-11-17 09:25:55,749 INFO o.a.j.l.DirectJDKLog [main] Initializing Spring embedded WebApplicationContext
2020-11-17 09:25:55,750 INFO o.s.b.w.s.c.ServletWebServerApplicationContext [main] Root WebApplicationContext: initialization completed in 1069 ms
2020-11-17 09:25:55,882 INFO c.e.y.Runner [main] Executing scenario STARTED. Scenario name: firstScenario
2020-11-17 09:25:56,015 INFO o.s.s.c.ExecutorConfigurationSupport [main] Initializing ExecutorService 'applicationTaskExecutor'
2020-11-17 09:25:56,136 INFO o.s.s.c.ExecutorConfigurationSupport [main] Initializing ExecutorService 'taskScheduler'
2020-11-17 09:25:56,144 INFO o.a.j.l.DirectJDKLog [main] Starting ProtocolHandler ["http-nio-8080"]
2020-11-17 09:25:56,162 INFO o.s.b.w.e.t.TomcatWebServer [main] Tomcat started on port(s): 8080 (http) with context path ''
2020-11-17 09:25:56,171 INFO o.s.b.StartupInfoLogger [main] Started Application in 1.995 seconds (JVM running for 2.603)
2020-11-17 09:25:57,006 INFO c.e.y.c.i.LoginCommand [pool-2-thread-1] Login SUCCESSFUL for user with account id zz145_testing_account_id_266aa. ACCESS TOKEN: eyJraWQiOiJtcGFhcy1hY2Nlc3MtaWQiLCJhbGciOiJIUzI1NiJ9.eyJzdWIiOiJ6ejE0NV90ZXN0aW5nX2FjY291bnRfaWRfMjY2YWEiLCJyb2xlcyI6InVzZXIiLCJpYXQiOjE2MDU2MDE1NTYsImV4cCI6MTYwNTYzMDM1Nn0.4eDHnltYBwhRhMr8_uYRxgTJMHGFD8KFI2ZgQRPegqM
2020-11-17 09:25:57,014 INFO c.e.y.c.i.SubscriptionCommand [pool-2-thread-1] Creating subscription STARTED for account id: zz145_testing_account_id_266aa
2020-11-17 09:25:57,570 INFO c.e.y.c.i.SubscriptionCommand [pool-2-thread-1] Creating subscription FINISHED for account id zz145_testing_account_id_266aa. SUBSCRIPTION_ID: 9b67a55c-0c9f-4653-b202-276cfcea06a3
2020-11-17 09:25:57,586 INFO c.e.y.c.i.ConferenceCommand [pool-2-thread-1] Creating conference STARTED for conference room conference-zz145_testing_account_id_266aa-0
2020-11-17 09:25:58,177 INFO c.e.y.c.i.ConferenceCommand [pool-2-thread-1] Creating conference FINISHED for conference room conference-zz145_testing_account_id_266aa-0. CONFERENCE_ID: ff907f8365a68d17cbf5e631303335c86b79d0c6
2020-11-17 09:25:58,177 INFO c.e.y.c.i.ConferenceCommand [pool-2-thread-1] Creating conference STARTED for conference room conference-zz145_testing_account_id_266aa-1
2020-11-17 09:25:58,768 INFO c.e.y.c.i.ConferenceCommand [pool-2-thread-1] Creating conference FINISHED for conference room conference-zz145_testing_account_id_266aa-1. CONFERENCE_ID: 4bcbfcb25d1cde85481e6e0e503804dd912960a6
2020-11-17 09:25:58,769 INFO c.e.y.c.i.ConferenceCommand [pool-2-thread-1] Creating conference STARTED for conference room conference-zz145_testing_account_id_266aa-2
2020-11-17 09:25:59,369 INFO c.e.y.c.i.ConferenceCommand [pool-2-thread-1] Creating conference FINISHED for conference room conference-zz145_testing_account_id_266aa-2. CONFERENCE_ID: f5baf73e74bfdcf6cb79254935152c3fe6cd2748
2020-11-17 09:25:59,369 INFO c.e.y.c.i.ConferenceCommand [pool-2-thread-1] Creating conference STARTED for conference room conference-zz145_testing_account_id_266aa-3
2020-11-17 09:25:59,805 INFO c.e.y.c.i.ConferenceCommand [pool-2-thread-1] Creating conference FINISHED for conference room conference-zz145_testing_account_id_266aa-3. CONFERENCE_ID: 01b9a6ee74692941875185bc4b339b6ef2dd5332
2020-11-17 09:25:59,810 INFO c.e.y.c.i.SessionCommand [pool-2-thread-1] Creating sessions STARTED for user zz145_testing_account_id_266aa
2020-11-17 09:26:00,692 INFO c.e.y.c.i.SessionCommand [pool-2-thread-1] Creating sessions FINISHED for user zz145_testing_account_id_266aa SESSION_ID: a3e58a39c7693df0118a8f7925bc64b3d4212942
2020-11-17 09:26:00,692 INFO c.e.y.c.i.ResourceDiscoveryCommand [pool-2-thread-1] Resource discovery STARTED
2020-11-17 09:26:01,249 INFO c.e.y.c.i.ResourceDiscoveryCommand [pool-2-thread-1] Resource discovery FINISHED
